<?xml version="1.0" encoding="UTF-8"?>
<coverage generated="1630035498208" clover="3.2.0">
  <project timestamp="1630035498209" name="All files">
    <metrics statements="4" coveredstatements="4" conditionals="2" coveredconditionals="1" methods="1" coveredmethods="1" elements="7" coveredelements="6" complexity="0" loc="4" ncloc="4" packages="1" files="1" classes="1"/>
    <file name="checkForPrime.js" path="/Users/isaaccavallaro/Documents/Visual Studio Code/js/checkForPrime/checkForPrime.js">
      <metrics statements="4" coveredstatements="4" conditionals="2" coveredconditionals="1" methods="1" coveredmethods="1"/>
      <line num="2" count="4" type="stmt"/>
      <line num="3" count="1" type="cond" truecount="1" falsecount="1"/>
      <line num="4" count="3" type="stmt"/>
      <line num="7" count="1" type="stmt"/>
    </file>
  </project>
</coverage>
