{"/Users/isaaccavallaro/Documents/Visual Studio Code/js/checkForPrime/checkForPrime.js": {"path":"/Users/isaaccavallaro/Documents/Visual Studio Code/js/checkForPrime/checkForPrime.js","statementMap":{"0":{"start":{"line":2,"column":4},"end":{"line":3,"column":35}},"1":{"start":{"line":2,"column":16},"end":{"line":2,"column":17}},"2":{"start":{"line":3,"column":6},"end":{"line":3,"column":35}},"3":{"start":{"line":3,"column":22},"end":{"line":3,"column":35}},"4":{"start":{"line":4,"column":4},"end":{"line":4,"column":17}},"5":{"start":{"line":7,"column":2},"end":{"line":7,"column":26}}},"fnMap":{"0":{"name":"isPrime","decl":{"start":{"line":1,"column":9},"end":{"line":1,"column":16}},"loc":{"start":{"line":1,"column":20},"end":{"line":5,"column":3}},"line":1}},"branchMap":{"0":{"loc":{"start":{"line":3,"column":6},"end":{"line":3,"column":35}},"type":"if","locations":[{"start":{"line":3,"column":6},"end":{"line":3,"column":35}},{"start":{"line":3,"column":6},"end":{"line":3,"column":35}}],"line":3}},"s":{"0":4,"1":4,"2":1,"3":1,"4":3,"5":1},"f":{"0":4},"b":{"0":[1,0]},"_coverageSchema":"1a1c01bbd47fc00a2c39e90264f33305004495a9","hash":"81c0814c8e262880bc6a4432b795d0384769fb0d"}
}
